<?xml version="1.0" encoding="UTF-8"?>
<!-- Generated by org.testng.reporters.JUnitReportReporter -->
<testsuite hostname="IB-Pune-LAP-367" failures="0" tests="1" name="uploadImage.UploadImageAPI" time="3.981" errors="0" timestamp="2022-09-21T11:54:50 IST" skipped="0">
  <testcase classname="uploadImage.UploadImageAPI" name="uploadImage" time="3.981"/>
  <system-out/>
</testsuite> <!-- uploadImage.UploadImageAPI -->
